<?xml version="1.0" encoding="UTF-8"?>
<testng-results skipped="0" failed="0" ignored="0" total="3" passed="3">
  <reporter-output>
  </reporter-output>
  <suite name="Default suite" duration-ms="1100" started-at="2019-04-29T11:43:54Z" finished-at="2019-04-29T11:43:55Z">
    <groups>
    </groups>
    <test name="Default test" duration-ms="1100" started-at="2019-04-29T11:43:54Z" finished-at="2019-04-29T11:43:55Z">
      <class name="GetRequest.Get_Request">
        <test-method status="PASS" signature="GetResponseBody()[pri:0, instance:GetRequest.Get_Request@77f99a05]" name="GetResponseBody" duration-ms="1026" started-at="2019-04-29T11:43:54Z" finished-at="2019-04-29T11:43:55Z">
          <reporter-output>
          </reporter-output>
        </test-method> <!-- GetResponseBody -->
        <test-method status="PASS" signature="GetUser()[pri:0, instance:GetRequest.Get_Request@77f99a05]" name="GetUser" duration-ms="29" started-at="2019-04-29T11:43:55Z" finished-at="2019-04-29T11:43:55Z">
          <reporter-output>
          </reporter-output>
        </test-method> <!-- GetUser -->
        <test-method status="PASS" signature="GetuserDetails()[pri:0, instance:GetRequest.Get_Request@77f99a05]" name="GetuserDetails" duration-ms="25" started-at="2019-04-29T11:43:55Z" finished-at="2019-04-29T11:43:55Z">
          <reporter-output>
          </reporter-output>
        </test-method> <!-- GetuserDetails -->
      </class> <!-- GetRequest.Get_Request -->
    </test> <!-- Default test -->
  </suite> <!-- Default suite -->
</testng-results>
